SF:lib/style/keynote_textstyles.dart
DA:5,8
DA:6,8
DA:14,2
DA:15,2
DA:23,3
DA:29,3
DA:30,1
DA:31,3
DA:32,2
DA:34,3
DA:38,6
DA:44,6
DA:45,1
DA:46,6
DA:47,1
DA:49,6
DA:53,9
DA:54,9
DA:61,3
DA:62,3
DA:69,8
DA:75,8
DA:76,1
DA:77,8
DA:78,3
DA:80,8
DA:84,5
DA:90,5
DA:91,1
DA:92,5
DA:93,1
DA:95,5
DA:99,2
DA:100,2
DA:107,2
DA:108,2
DA:115,2
DA:121,2
DA:122,1
DA:123,2
DA:124,2
DA:126,2
DA:130,2
DA:131,2
DA:138,1
DA:139,1
DA:146,2
DA:152,2
DA:153,1
DA:154,2
DA:155,1
DA:157,2
DA:161,4
DA:162,4
DA:169,1
DA:170,1
DA:177,4
DA:183,4
DA:184,1
DA:185,4
DA:186,1
DA:188,4
DA:192,2
DA:196,2
DA:203,1
DA:204,1
DA:211,2
DA:217,2
DA:218,1
DA:219,2
DA:220,1
DA:222,2
DA:226,2
DA:231,2
DA:238,2
DA:242,2
DA:249,2
DA:250,2
DA:257,2
DA:263,2
DA:264,1
DA:265,2
DA:266,2
DA:268,2
DA:272,2
DA:276,2
DA:283,2
DA:284,2
DA:291,2
DA:297,2
DA:298,1
DA:299,2
DA:300,2
DA:302,2
DA:306,2
DA:310,2
DA:317,2
DA:318,2
DA:325,2
DA:331,2
DA:332,1
DA:333,2
DA:334,2
DA:336,2
LF:104
LH:104
end_of_record
SF:lib/slides/agenda/keynote_agenda_slide.dart
DA:9,2
DA:54,1
DA:55,1
DA:56,1
DA:57,1
DA:59,1
DA:60,1
DA:61,1
DA:62,1
DA:63,1
DA:64,1
DA:65,1
DA:66,1
DA:67,1
DA:71,1
DA:72,1
DA:74,1
DA:76,1
DA:77,1
DA:78,1
DA:79,1
DA:80,1
DA:81,1
DA:82,1
DA:83,1
DA:84,1
DA:88,1
DA:89,1
DA:91,1
DA:93,1
DA:94,1
DA:95,1
DA:96,1
DA:97,1
DA:98,1
DA:101,1
DA:102,1
DA:104,1
LF:38
LH:38
end_of_record
SF:lib/slides/blank/keynote_blank_slide.dart
DA:9,2
DA:47,1
DA:48,1
DA:49,1
DA:50,1
DA:52,1
DA:53,1
DA:54,1
DA:55,1
DA:56,1
DA:57,1
DA:58,1
DA:60,1
DA:61,1
DA:62,1
DA:64,1
DA:67,1
DA:68,2
DA:69,1
DA:70,1
DA:71,1
DA:72,1
DA:73,1
DA:74,1
DA:76,1
DA:77,1
DA:78,1
DA:80,1
DA:83,1
DA:84,2
DA:85,1
DA:86,1
DA:87,1
DA:88,1
DA:89,1
DA:90,1
DA:92,1
DA:93,1
DA:94,1
DA:96,1
DA:99,1
LF:41
LH:41
end_of_record
SF:lib/slides/agenda/keynote_agenda_slide_variants.dart
DA:8,1
DA:15,1
DA:18,1
DA:19,1
DA:27,1
DA:34,1
DA:37,1
DA:38,1
LF:8
LH:8
end_of_record
SF:lib/slides/section/keynote_section_slide.dart
DA:9,2
DA:29,1
DA:30,1
DA:31,1
DA:32,1
DA:34,1
DA:35,1
DA:36,1
DA:37,1
DA:38,1
DA:39,1
DA:40,1
DA:41,1
DA:42,1
DA:43,0
DA:45,2
DA:47,1
DA:48,1
DA:50,2
LF:19
LH:18
end_of_record
SF:lib/style/keynote_gradients.dart
DA:24,2
DA:33,4
LF:2
LH:2
end_of_record
SF:lib/slides/big_fact/keynote_big_fact_slide.dart
DA:10,2
DA:49,1
DA:50,1
DA:51,1
DA:52,1
DA:54,1
DA:55,1
DA:56,1
DA:57,1
DA:58,1
DA:59,1
DA:60,1
DA:61,1
DA:62,1
DA:63,1
DA:65,1
DA:67,1
DA:68,1
DA:69,1
DA:73,1
DA:74,1
DA:76,1
DA:78,1
DA:79,1
DA:80,1
DA:81,1
DA:82,1
DA:83,1
DA:84,1
DA:85,1
DA:86,1
DA:90,1
DA:91,1
DA:93,1
LF:34
LH:34
end_of_record
SF:lib/slides/big_fact/keynote_big_fact_slide_variants.dart
DA:8,1
DA:15,1
DA:19,1
DA:20,1
DA:25,1
DA:31,1
DA:34,1
DA:35,1
LF:8
LH:8
end_of_record
SF:lib/slides/bullets/keynote_bullets_slide.dart
DA:8,2
DA:39,1
DA:40,1
DA:41,1
DA:42,1
DA:44,1
DA:48,1
DA:49,1
DA:50,1
DA:51,1
DA:52,1
DA:53,1
DA:54,1
DA:55,1
DA:56,2
DA:57,1
DA:58,1
DA:59,1
DA:62,1
LF:19
LH:19
end_of_record
SF:lib/slides/title_bullets_and_photo/keynote_title_bullets_and_photo_slide.dart
DA:8,2
DA:68,1
DA:69,1
DA:70,2
DA:76,1
DA:77,1
DA:78,1
DA:79,1
DA:80,1
DA:81,1
DA:82,1
DA:83,1
DA:84,1
DA:85,1
DA:86,1
DA:87,1
DA:88,1
DA:89,1
DA:90,1
DA:91,1
DA:95,1
DA:96,1
DA:100,1
DA:101,1
DA:102,1
DA:103,1
DA:104,1
DA:105,1
DA:106,1
DA:107,1
DA:108,1
DA:112,1
DA:113,1
DA:117,1
DA:118,1
DA:119,1
DA:120,1
DA:122,1
DA:123,1
DA:124,1
DA:125,1
DA:126,1
DA:127,1
DA:128,1
DA:129,1
DA:130,1
DA:132,1
DA:136,1
DA:137,1
DA:139,1
DA:144,1
DA:145,1
DA:146,2
DA:148,1
DA:149,1
LF:55
LH:55
end_of_record
SF:lib/slides/title_bullets_and_photo/keynote_title_bullets_and_photo_slide_variants.dart
DA:8,1
DA:16,1
DA:20,1
DA:21,1
DA:22,1
DA:24,1
DA:31,1
DA:39,1
DA:47,1
DA:48,1
DA:49,1
LF:11
LH:11
end_of_record
SF:lib/slides/title_and_bullets/keynote_title_and_bullets_slide.dart
DA:8,2
DA:64,1
DA:65,1
DA:66,2
DA:72,1
DA:73,1
DA:74,1
DA:75,1
DA:77,1
DA:78,1
DA:79,1
DA:80,1
DA:81,1
DA:82,1
DA:83,1
DA:84,1
DA:85,1
DA:89,1
DA:90,1
DA:92,1
DA:94,1
DA:95,1
DA:96,1
DA:97,1
DA:98,1
DA:99,1
DA:100,1
DA:101,1
DA:102,1
DA:106,1
DA:107,1
DA:109,1
DA:111,1
DA:112,1
DA:113,1
DA:114,1
DA:115,1
DA:117,1
DA:118,1
DA:119,1
DA:120,1
DA:121,1
DA:122,1
DA:123,1
DA:124,1
DA:125,1
DA:126,1
DA:131,1
DA:132,1
DA:134,1
LF:50
LH:50
end_of_record
SF:lib/slides/title_and_bullets/keynote_title_and_bullets_slide_variants.dart
DA:8,1
DA:15,1
DA:20,1
DA:21,1
DA:22,1
DA:30,1
DA:37,1
DA:42,1
DA:43,1
DA:44,1
LF:10
LH:10
end_of_record
SF:lib/slides/title_and_photo/keynote_title_and_photo_slide.dart
DA:10,2
DA:68,2
DA:69,1
DA:70,2
DA:71,1
DA:72,1
DA:73,1
DA:75,1
DA:76,1
DA:77,1
DA:78,1
DA:79,1
DA:80,1
DA:81,1
DA:82,1
DA:83,1
DA:84,1
DA:88,1
DA:90,1
DA:91,1
DA:92,1
DA:96,1
DA:97,1
DA:99,1
DA:101,1
DA:102,1
DA:103,1
DA:104,1
DA:105,1
DA:106,1
DA:107,1
DA:108,1
DA:109,1
DA:113,1
DA:114,1
DA:116,1
DA:118,1
DA:119,1
DA:120,1
DA:121,1
DA:122,1
DA:123,1
DA:124,1
DA:125,1
DA:129,1
DA:130,1
DA:132,1
DA:134,1
DA:141,2
DA:142,1
DA:143,2
DA:144,1
DA:145,1
DA:146,1
DA:148,1
DA:149,1
DA:150,1
DA:151,1
DA:152,1
DA:153,1
DA:154,1
DA:155,1
DA:156,1
DA:157,1
DA:161,1
DA:162,1
DA:164,1
DA:166,1
DA:167,1
DA:168,1
DA:169,1
DA:170,1
DA:171,1
DA:172,1
DA:173,1
DA:174,1
DA:178,1
DA:180,1
DA:181,1
DA:182,1
DA:186,1
DA:187,1
DA:189,1
DA:191,1
DA:192,1
DA:193,1
DA:194,1
DA:195,1
DA:196,1
DA:197,1
DA:198,1
DA:199,1
DA:203,1
DA:204,1
DA:206,1
DA:214,1
DA:216,1
DA:217,1
DA:218,1
DA:219,1
DA:220,1
DA:222,1
LF:102
LH:102
end_of_record
SF:lib/slides/title_and_photo/keynote_title_and_photo_slide_variants.dart
DA:8,1
DA:17,1
DA:22,1
DA:23,1
DA:24,1
DA:34,1
DA:42,1
DA:46,1
DA:47,1
DA:48,1
LF:10
LH:10
end_of_record
SF:lib/slides/photo_3_up/keynote_photo_3_up.dart
DA:8,1
DA:29,1
DA:30,1
DA:31,1
DA:32,1
DA:34,1
DA:35,1
DA:36,1
DA:37,1
DA:38,1
DA:39,1
DA:42,1
DA:43,1
DA:46,1
DA:47,1
DA:48,1
DA:49,1
DA:50,1
DA:51,1
DA:52,1
DA:55,1
DA:56,1
DA:59,1
DA:60,1
DA:61,1
DA:62,1
DA:63,1
DA:66,1
DA:67,1
LF:29
LH:29
end_of_record
SF:lib/slides/quote/keynote_quote_slide.dart
DA:11,2
DA:50,1
DA:51,1
DA:52,1
DA:53,1
DA:55,1
DA:56,1
DA:57,1
DA:58,1
DA:59,1
DA:60,1
DA:61,1
DA:62,1
DA:63,1
DA:64,1
DA:66,1
DA:68,1
DA:69,1
DA:70,1
DA:74,1
DA:75,1
DA:77,1
DA:79,1
DA:80,1
DA:81,1
DA:82,1
DA:83,1
DA:84,1
DA:85,1
DA:86,1
DA:87,1
DA:91,1
DA:92,1
DA:94,1
LF:34
LH:34
end_of_record
SF:lib/slides/quote/keynote_quote_slide_variants.dart
DA:11,1
DA:18,1
DA:22,1
DA:23,1
DA:30,1
DA:36,1
DA:39,1
DA:41,1
DA:46,1
LF:9
LH:9
end_of_record
SF:lib/slides/image/keynote_image_slide.dart
DA:5,1
DA:14,1
DA:15,1
DA:16,1
DA:17,1
LF:5
LH:5
end_of_record
SF:lib/slides/statement/keynote_statement_slide.dart
DA:8,2
DA:28,1
DA:29,1
DA:30,1
DA:31,1
DA:33,1
DA:34,1
DA:35,1
DA:36,1
DA:37,1
DA:38,1
DA:39,1
DA:40,1
DA:41,1
DA:43,1
DA:44,1
DA:46,1
DA:47,1
DA:48,1
DA:49,1
LF:20
LH:20
end_of_record
SF:lib/slides/title_and_photo_alt/keynote_title_and_photo_alt_slide.dart
DA:9,2
DA:46,1
DA:47,1
DA:48,1
DA:49,1
DA:50,1
DA:51,1
DA:52,1
DA:53,1
DA:54,1
DA:55,1
DA:56,1
DA:57,1
DA:58,1
DA:59,1
DA:60,1
DA:61,1
DA:65,1
DA:66,1
DA:70,1
DA:71,1
DA:72,1
DA:73,1
DA:74,1
DA:75,1
DA:76,1
DA:77,1
DA:78,1
DA:82,1
DA:83,1
DA:90,1
DA:91,1
DA:92,2
DA:94,1
DA:95,1
LF:35
LH:35
end_of_record
SF:lib/slides/title_and_photo_alt/keynote_title_and_photo_alt_slide_variants.dart
DA:8,1
DA:15,1
DA:19,1
DA:20,1
DA:25,1
DA:32,1
DA:39,1
DA:40,1
LF:8
LH:8
end_of_record
SF:lib/slides/title_only/keynote_title_only_slide.dart
DA:9,2
DA:46,1
DA:47,1
DA:48,1
DA:49,1
DA:51,1
DA:52,1
DA:53,1
DA:54,1
DA:55,1
DA:56,1
DA:57,1
DA:58,1
DA:59,1
DA:63,1
DA:64,1
DA:66,1
DA:68,1
DA:69,1
DA:70,1
DA:71,1
DA:72,1
DA:73,1
DA:74,1
DA:75,1
DA:76,1
DA:80,1
DA:81,1
DA:83,1
LF:29
LH:29
end_of_record
SF:lib/slides/title_only/keynote_title_only_slide_variants.dart
DA:8,1
DA:14,1
DA:17,1
DA:18,1
DA:25,1
DA:31,1
DA:34,1
DA:35,1
LF:8
LH:8
end_of_record
SF:lib/slides/title_slide/keynote_title_slide.dart
DA:10,2
DA:61,1
DA:62,1
DA:63,1
DA:64,1
DA:66,1
DA:67,1
DA:68,1
DA:69,1
DA:70,1
DA:71,1
DA:72,1
DA:73,1
DA:74,1
DA:75,1
DA:77,1
DA:79,1
DA:80,1
DA:81,1
DA:85,1
DA:86,1
DA:88,1
DA:90,1
DA:91,1
DA:92,1
DA:93,1
DA:94,1
DA:95,1
DA:96,1
DA:97,1
DA:98,1
DA:102,1
DA:103,1
DA:105,1
DA:107,1
DA:108,1
DA:109,1
DA:110,1
DA:111,1
DA:112,1
DA:113,1
DA:114,1
DA:118,1
DA:119,1
DA:121,1
DA:123,1
LF:46
LH:46
end_of_record
SF:lib/slides/title_slide/keynote_title_slide_variants.dart
DA:9,1
DA:17,1
DA:22,1
DA:23,1
DA:24,1
DA:32,1
DA:39,1
DA:43,1
DA:44,1
DA:45,1
LF:10
LH:10
end_of_record
