SF:lib/slides/title_bullets_and_photo/keynote_title_bullets_and_photo_slide.dart
DA:8,2
DA:68,1
DA:69,1
DA:70,2
DA:76,1
DA:77,1
DA:78,1
DA:79,1
DA:80,1
DA:81,1
DA:82,1
DA:83,1
DA:84,1
DA:85,1
DA:86,1
DA:87,1
DA:88,1
DA:89,1
DA:90,1
DA:91,1
DA:95,1
DA:96,1
DA:100,1
DA:101,1
DA:102,1
DA:103,1
DA:104,1
DA:105,1
DA:106,1
DA:107,1
DA:108,1
DA:112,1
DA:113,1
DA:117,1
DA:118,1
DA:119,1
DA:120,1
DA:122,1
DA:123,1
DA:124,1
DA:125,1
DA:126,1
DA:127,1
DA:128,1
DA:129,1
DA:130,1
DA:132,1
DA:136,1
DA:137,1
DA:139,1
DA:144,1
DA:145,1
DA:146,2
DA:148,1
DA:149,1
LF:55
LH:55
end_of_record
SF:lib/slides/title_bullets_and_photo/keynote_title_bullets_and_photo_slide_variants.dart
DA:8,1
DA:16,1
DA:20,1
DA:21,1
DA:22,1
DA:24,1
DA:31,1
DA:39,1
DA:47,1
DA:48,1
DA:49,1
LF:11
LH:11
end_of_record
SF:lib/style/keynote_textstyles.dart
DA:5,3
DA:6,3
DA:14,1
DA:15,1
DA:23,1
DA:29,1
DA:30,0
DA:31,1
DA:32,1
DA:34,1
DA:38,2
DA:44,2
DA:45,0
DA:46,2
DA:47,0
DA:49,2
DA:53,3
DA:54,3
DA:61,1
DA:62,1
DA:69,2
DA:75,2
DA:76,0
DA:77,2
DA:78,1
DA:80,2
DA:84,2
DA:90,2
DA:91,0
DA:92,2
DA:93,0
DA:95,2
DA:99,1
DA:100,1
DA:107,1
DA:108,1
DA:115,1
DA:121,1
DA:122,0
DA:123,1
DA:124,1
DA:126,1
DA:130,0
DA:131,0
DA:138,0
DA:139,0
DA:146,0
DA:152,0
DA:153,0
DA:154,0
DA:155,0
DA:157,0
DA:161,1
DA:162,1
DA:169,0
DA:170,0
DA:177,1
DA:183,1
DA:184,0
DA:185,1
DA:186,0
DA:188,1
DA:192,0
DA:196,0
DA:203,0
DA:204,0
DA:211,0
DA:217,0
DA:218,0
DA:219,0
DA:220,0
DA:222,0
DA:226,0
DA:231,0
DA:238,0
DA:242,0
DA:249,0
DA:250,0
DA:257,0
DA:263,0
DA:264,0
DA:265,0
DA:266,0
DA:268,0
DA:272,0
DA:276,0
DA:283,0
DA:284,0
DA:291,0
DA:297,0
DA:298,0
DA:299,0
DA:300,0
DA:302,0
DA:306,0
DA:310,0
DA:317,0
DA:318,0
DA:325,0
DA:331,0
DA:332,0
DA:333,0
DA:334,0
DA:336,0
LF:104
LH:41
end_of_record
SF:lib/slides/title_only/keynote_title_only_slide.dart
DA:9,2
DA:46,1
DA:47,1
DA:48,1
DA:49,1
DA:51,1
DA:52,1
DA:53,1
DA:54,1
DA:55,1
DA:56,1
DA:57,1
DA:58,1
DA:59,1
DA:63,1
DA:64,1
DA:66,1
DA:68,1
DA:69,1
DA:70,1
DA:71,1
DA:72,1
DA:73,1
DA:74,1
DA:75,1
DA:76,1
DA:80,1
DA:81,1
DA:83,1
LF:29
LH:29
end_of_record
SF:lib/slides/title_only/keynote_title_only_slide_variants.dart
DA:8,1
DA:14,1
DA:17,1
DA:18,1
DA:25,1
DA:31,1
DA:34,1
DA:35,1
LF:8
LH:8
end_of_record
SF:lib/slides/title_slide/keynote_title_slide.dart
DA:10,2
DA:61,1
DA:62,1
DA:63,1
DA:64,1
DA:66,1
DA:67,1
DA:68,1
DA:69,1
DA:70,1
DA:71,1
DA:72,1
DA:73,1
DA:74,1
DA:75,1
DA:77,1
DA:79,1
DA:80,1
DA:81,1
DA:85,1
DA:86,1
DA:88,1
DA:90,1
DA:91,1
DA:92,1
DA:93,1
DA:94,1
DA:95,1
DA:96,1
DA:97,1
DA:98,1
DA:102,1
DA:103,1
DA:105,1
DA:107,1
DA:108,1
DA:109,1
DA:110,1
DA:111,1
DA:112,1
DA:113,1
DA:114,1
DA:118,1
DA:119,1
DA:121,1
DA:123,1
LF:46
LH:46
end_of_record
SF:lib/slides/title_slide/keynote_title_slide_variants.dart
DA:9,1
DA:17,1
DA:22,1
DA:23,1
DA:24,1
DA:32,1
DA:39,1
DA:43,1
DA:44,1
DA:45,1
LF:10
LH:10
end_of_record
SF:lib/style/keynote_gradients.dart
DA:24,0
DA:33,0
LF:2
LH:0
end_of_record
